<?xml version="1.0" encoding="UTF-8"?>
<!-- Generated by org.testng.reporters.JUnitReportReporter -->
<testsuite hostname="DESKTOP-6BAEOA2" failures="0" tests="1" name="com.test.ExceptionTimeOutTest" time="0.009" errors="0" timestamp="2022-01-02T17:56:47 IST" skipped="0">
  <testcase classname="com.test.ExceptionTimeOutTest" name="test1" time="0.009"/>
  <system-out/>
</testsuite> <!-- com.test.ExceptionTimeOutTest -->
