<?xml version="1.0" encoding="UTF-8"?>
<!-- Generated by org.testng.reporters.JUnitReportReporter -->
<testsuite hostname="DESKTOP-6BAEOA2" failures="0" tests="1" name="com.ParameterTest.ParameterTest" time="34.595" errors="0" timestamp="2021-11-06T19:00:50 IST" skipped="0">
  <testcase classname="com.ParameterTest.ParameterTest" name="yahooLoginTest" time="34.595"/>
  <system-out/>
</testsuite> <!-- com.ParameterTest.ParameterTest -->
