<?xml version="1.0" encoding="UTF-8"?>
<!-- Generated by org.testng.reporters.JUnitReportReporter -->
<testsuite hostname="DESKTOP-6BAEOA2" failures="0" tests="3" name="Extentreport.Report" time="16.194" errors="0" timestamp="2021-11-06T20:45:16 IST" skipped="0">
  <testcase classname="Extentreport.Report" name="Validatetitle" time="0.063"/>
  <system-out/>
  <testcase classname="Extentreport.Report" name="GmailNavigate" time="16.117"/>
  <system-out/>
  <testcase classname="Extentreport.Report" name="skiptest" time="0.014"/>
  <system-out/>
</testsuite> <!-- Extentreport.Report -->
