<?xml version="1.0" encoding="UTF-8"?>
<!-- Generated by org.testng.reporters.JUnitReportReporter -->
<testsuite hostname="DESKTOP-6BAEOA2" failures="0" tests="4" name="com.test.TestNgFeatures" time="0.018" errors="0" timestamp="2022-01-02T17:56:47 IST" skipped="0">
  <testcase classname="com.test.TestNgFeatures" name="loginTest" time="0.002"/>
  <system-out/>
  <testcase classname="com.test.TestNgFeatures" name="HomePageTest" time="0.004"/>
  <system-out/>
  <testcase classname="com.test.TestNgFeatures" name="SearchPageTest" time="0.004"/>
  <system-out/>
  <testcase classname="com.test.TestNgFeatures" name="RegPageTest" time="0.008"/>
  <system-out/>
</testsuite> <!-- com.test.TestNgFeatures -->
