<?xml version="1.0" encoding="UTF-8"?>
<!-- Generated by org.testng.reporters.JUnitReportReporter -->
<testsuite hostname="DESKTOP-6BAEOA2" failures="0" tests="3" name="com.test.TestNgBasics" time="0.022" errors="0" timestamp="2022-01-02T17:56:47 IST" skipped="0">
  <testcase classname="com.test.TestNgBasics" name="googlePage" time="0.011"/>
  <system-out/>
  <testcase classname="com.test.TestNgBasics" name="googleLogoTest" time="0.005"/>
  <system-out/>
  <testcase classname="com.test.TestNgBasics" name="searchTest" time="0.006"/>
  <system-out/>
</testsuite> <!-- com.test.TestNgBasics -->
